This is pdfTeX, Version 3.141592653-2.6-1.40.22 (TeX Live 2022/dev/Debian) (preloaded format=latex 2024.3.14)  4 APR 2024 11:22
entering extended mode
 restricted \write18 enabled.
 %&-line parsing enabled.
**mycv.dbj
(./mycv.dbj
LaTeX2e <2021-11-15> patch level 1
L3 programming layer <2022-01-21>
(/usr/share/texlive/texmf-dist/tex/latex/base/docstrip.tex
\blockLevel=\count185
\emptyLines=\count186
\processedLines=\count187
\commentsRemoved=\count188
\commentsPassed=\count189
\codeLinesPassed=\count190
\TotalprocessedLines=\count191
\TotalcommentsRemoved=\count192
\TotalcommentsPassed=\count193
\TotalcodeLinesPassed=\count194
\NumberOfFiles=\count195
\inFile=\read2
\inputcheck=\read3
\off@0=\count196
\off@1=\count197
\off@2=\count198
\off@3=\count199
\off@4=\count266
\off@5=\count267
\off@6=\count268
\off@7=\count269
\off@8=\count270
\off@9=\count271
\off@10=\count272
\off@11=\count273
\off@12=\count274
\off@13=\count275
\off@14=\count276
\off@15=\count277
\@maxfiles=\count278
\@maxoutfiles=\count279

Utility: `docstrip' v2.6a <2020-11-23>
English documentation    <2020-11-23>

**********************************************************
* This program converts documented macro-files into fast *
* loadable files by stripping off (nearly) all comments! *
**********************************************************

********************************************************
* No Configuration file found, using default settings. *
********************************************************

)

Generating file(s) ./mycv.bst 
\openout0 = `./mycv.bst'.


Processing file merlin.mbs (pres,seq-no,nm-rvx,ed-rev,jnrlst,dt-jnl,yrp-semi,at
it-u,thtit-a,vol-2bf,pgsep-c,num-xser,isbn,issn,url-doi,pp,ed,xedn,amper,etal-i
t,revdata,eprint,url,url-blk,nfss,) -> mycv.bst
Lines  processed: 9446
Comments removed: 3867
Comments  passed: 1
Codelines passed: 3732

 ) 
Here is how much of TeX's memory you used:
 651 strings out of 478288
 5812 string characters out of 5849315
 304345 words of memory out of 5000000
 18941 multiletter control sequences out of 15000+600000
 469259 words of font info for 28 fonts, out of 8000000 for 9000
 1141 hyphenation exceptions out of 8191
 13i,0n,15p,309b,439s stack positions out of 5000i,500n,10000p,200000b,80000s

No pages of output.
