This is pdfTeX, Version 3.141592653-2.6-1.40.22 (TeX Live 2022/dev/Debian) (preloaded format=pdflatex 2024.5.8)  5 DEC 2024 08:57
entering extended mode
 restricted \write18 enabled.
 file:line:error style messages enabled.
 %&-line parsing enabled.
**UBC_CV.tex
(./UBC_CV.tex
LaTeX2e <2021-11-15> patch level 1
L3 programming layer <2022-01-21> (/usr/share/texlive/texmf-dist/tex/latex/base/report.cls
Document Class: report 2021/10/04 v1.4n Standard LaTeX document class
(/usr/share/texlive/texmf-dist/tex/latex/base/size11.clo
File: size11.clo 2021/10/04 v1.4n Standard LaTeX file (size option)
)
\c@part=\count185
\c@chapter=\count186
\c@section=\count187
\c@subsection=\count188
\c@subsubsection=\count189
\c@paragraph=\count190
\c@subparagraph=\count191
\c@figure=\count192
\c@table=\count193
\abovecaptionskip=\skip47
\belowcaptionskip=\skip48
\bibindent=\dimen138
) (/usr/share/texlive/texmf-dist/tex/latex/graphics/color.sty
Package: color 2021/12/07 v1.3c Standard LaTeX Color (DPC)
 (/usr/share/texlive/texmf-dist/tex/latex/graphics-cfg/color.cfg
File: color.cfg 2016/01/02 v1.6 sample color configuration
)
Package color Info: Driver file: pdftex.def on input line 149.
 (/usr/share/texlive/texmf-dist/tex/latex/graphics-def/pdftex.def
File: pdftex.def 2020/10/05 v1.2a Graphics/color driver for pdftex
)) (/usr/share/texlive/texmf-dist/tex/latex/geometry/geometry.sty
Package: geometry 2020/01/02 v5.9 Page Geometry
 (/usr/share/texlive/texmf-dist/tex/latex/graphics/keyval.sty
Package: keyval 2014/10/28 v1.15 key=value parser (DPC)
\KV@toks@=\toks16
) (/usr/share/texlive/texmf-dist/tex/generic/iftex/ifvtex.sty
Package: ifvtex 2019/10/25 v1.7 ifvtex legacy package. Use iftex instead.
 (/usr/share/texlive/texmf-dist/tex/generic/iftex/iftex.sty
Package: iftex 2020/03/06 v1.0d TeX engine tests
))
\Gm@cnth=\count194
\Gm@cntv=\count195
\c@Gm@tempcnt=\count196
\Gm@bindingoffset=\dimen139
\Gm@wd@mp=\dimen140
\Gm@odd@mp=\dimen141
\Gm@even@mp=\dimen142
\Gm@layoutwidth=\dimen143
\Gm@layoutheight=\dimen144
\Gm@layouthoffset=\dimen145
\Gm@layoutvoffset=\dimen146
\Gm@dimlist=\toks17
) (/usr/share/texlive/texmf-dist/tex/latex/xcolor/xcolor.sty
Package: xcolor 2021/10/31 v2.13 LaTeX color extensions (UK)
 (/usr/share/texlive/texmf-dist/tex/latex/graphics-cfg/color.cfg
File: color.cfg 2016/01/02 v1.6 sample color configuration
)
Package xcolor Info: Driver file: pdftex.def on input line 227.
 (/usr/share/texlive/texmf-dist/tex/latex/colortbl/colortbl.sty
Package: colortbl 2020/01/04 v1.0e Color table columns (DPC)
 (/usr/share/texlive/texmf-dist/tex/latex/tools/array.sty
Package: array 2021/10/04 v2.5f Tabular extension package (FMi)
\col@sep=\dimen147
\ar@mcellbox=\box50
\extrarowheight=\dimen148
\NC@list=\toks18
\extratabsurround=\skip49
\backup@length=\skip50
\ar@cellbox=\box51
)
\everycr=\toks19
\minrowclearance=\skip51
)
LaTeX Info: Redefining \color on input line 711.
\rownum=\count197
Package xcolor Info: Model `cmy' substituted by `cmy0' on input line 1352.
Package xcolor Info: Model `hsb' substituted by `rgb' on input line 1356.
Package xcolor Info: Model `RGB' extended on input line 1368.
Package xcolor Info: Model `HTML' substituted by `rgb' on input line 1370.
Package xcolor Info: Model `Hsb' substituted by `hsb' on input line 1371.
Package xcolor Info: Model `tHsb' substituted by `hsb' on input line 1372.
Package xcolor Info: Model `HSB' substituted by `hsb' on input line 1373.
Package xcolor Info: Model `Gray' substituted by `gray' on input line 1374.
Package xcolor Info: Model `wave' substituted by `hsb' on input line 1375.
) (/usr/share/texlive/texmf-dist/tex/latex/graphics/graphicx.sty
Package: graphicx 2021/09/16 v1.2d Enhanced LaTeX Graphics (DPC,SPQR)
 (/usr/share/texlive/texmf-dist/tex/latex/graphics/graphics.sty
Package: graphics 2021/03/04 v1.4d Standard LaTeX Graphics (DPC,SPQR)
 (/usr/share/texlive/texmf-dist/tex/latex/graphics/trig.sty
Package: trig 2021/08/11 v1.11 sin cos tan (DPC)
) (/usr/share/texlive/texmf-dist/tex/latex/graphics-cfg/graphics.cfg
File: graphics.cfg 2016/06/04 v1.11 sample graphics configuration
)
Package graphics Info: Driver file: pdftex.def on input line 107.
)
\Gin@req@height=\dimen149
\Gin@req@width=\dimen150
) (/usr/share/texlive/texmf-dist/tex/latex/fancyhdr/fancyhdr.sty
Package: fancyhdr 2021/01/28 v4.0.1 Extensive control of page headers and footers
\f@nch@headwidth=\skip52
\f@nch@O@elh=\skip53
\f@nch@O@erh=\skip54
\f@nch@O@olh=\skip55
\f@nch@O@orh=\skip56
\f@nch@O@elf=\skip57
\f@nch@O@erf=\skip58
\f@nch@O@olf=\skip59
\f@nch@O@orf=\skip60
) (/usr/share/texlive/texmf-dist/tex/latex/tools/tabularx.sty
Package: tabularx 2020/01/15 v2.11c `tabularx' package (DPC)
\TX@col@width=\dimen151
\TX@old@table=\dimen152
\TX@old@col=\dimen153
\TX@target=\dimen154
\TX@delta=\dimen155
\TX@cols=\count198
\TX@ftn=\toks20
) (/usr/share/texlive/texmf-dist/tex/latex/natbib/bibentry.sty
Package: bibentry 2007/10/30 1.5 (PWD)
) (/usr/share/texlive/texmf-dist/tex/latex/hyperref/hyperref.sty
Package: hyperref 2021-06-07 v7.00m Hypertext links for LaTeX
 (/usr/share/texlive/texmf-dist/tex/generic/ltxcmds/ltxcmds.sty
Package: ltxcmds 2020-05-10 v1.25 LaTeX kernel commands for general use (HO)
) (/usr/share/texlive/texmf-dist/tex/generic/pdftexcmds/pdftexcmds.sty
Package: pdftexcmds 2020-06-27 v0.33 Utility functions of pdfTeX for LuaTeX (HO)
 (/usr/share/texlive/texmf-dist/tex/generic/infwarerr/infwarerr.sty
Package: infwarerr 2019/12/03 v1.5 Providing info/warning/error messages (HO)
)
Package pdftexcmds Info: \pdf@primitive is available.
Package pdftexcmds Info: \pdf@ifprimitive is available.
Package pdftexcmds Info: \pdfdraftmode found.
) (/usr/share/texlive/texmf-dist/tex/generic/kvsetkeys/kvsetkeys.sty
Package: kvsetkeys 2019/12/15 v1.18 Key value parser (HO)
) (/usr/share/texlive/texmf-dist/tex/generic/kvdefinekeys/kvdefinekeys.sty
Package: kvdefinekeys 2019-12-19 v1.6 Define keys (HO)
) (/usr/share/texlive/texmf-dist/tex/generic/pdfescape/pdfescape.sty
Package: pdfescape 2019/12/09 v1.15 Implements pdfTeX's escape features (HO)
) (/usr/share/texlive/texmf-dist/tex/latex/hycolor/hycolor.sty
Package: hycolor 2020-01-27 v1.10 Color options for hyperref/bookmark (HO)
) (/usr/share/texlive/texmf-dist/tex/latex/letltxmacro/letltxmacro.sty
Package: letltxmacro 2019/12/03 v1.6 Let assignment for LaTeX macros (HO)
) (/usr/share/texlive/texmf-dist/tex/latex/auxhook/auxhook.sty
Package: auxhook 2019-12-17 v1.6 Hooks for auxiliary files (HO)
) (/usr/share/texlive/texmf-dist/tex/latex/kvoptions/kvoptions.sty
Package: kvoptions 2020-10-07 v3.14 Key value format for package options (HO)
)
\@linkdim=\dimen156
\Hy@linkcounter=\count199
\Hy@pagecounter=\count266
 (/usr/share/texlive/texmf-dist/tex/latex/hyperref/pd1enc.def
File: pd1enc.def 2021-06-07 v7.00m Hyperref: PDFDocEncoding definition (HO)
Now handling font encoding PD1 ...
... no UTF-8 mapping file for font encoding PD1
)
(/usr/share/texlive/texmf-dist/tex/latex/hyperref/hyperref-langpatches.def
File: hyperref-langpatches.def 2021-06-07 v7.00m Hyperref: patches for babel languages
) (/usr/share/texlive/texmf-dist/tex/generic/intcalc/intcalc.sty
Package: intcalc 2019/12/15 v1.3 Expandable calculations with integers (HO)
) (/usr/share/texlive/texmf-dist/tex/generic/etexcmds/etexcmds.sty
Package: etexcmds 2019/12/15 v1.7 Avoid name clashes with e-TeX commands (HO)
)
\Hy@SavedSpaceFactor=\count267
 (/usr/share/texlive/texmf-dist/tex/latex/hyperref/puenc.def
File: puenc.def 2021-06-07 v7.00m Hyperref: PDF Unicode definition (HO)
Now handling font encoding PU ...
... no UTF-8 mapping file for font encoding PU
)
Package hyperref Info: Hyper figures OFF on input line 4192.
Package hyperref Info: Link nesting OFF on input line 4197.
Package hyperref Info: Hyper index ON on input line 4200.
Package hyperref Info: Plain pages OFF on input line 4207.
Package hyperref Info: Backreferencing OFF on input line 4212.
Package hyperref Info: Implicit mode ON; LaTeX internals redefined.
Package hyperref Info: Bookmarks ON on input line 4445.
\c@Hy@tempcnt=\count268
 (/usr/share/texlive/texmf-dist/tex/latex/url/url.sty
\Urlmuskip=\muskip16
Package: url 2013/09/16  ver 3.4  Verb mode for urls, etc.
)
LaTeX Info: Redefining \url on input line 4804.
\XeTeXLinkMargin=\dimen157
 (/usr/share/texlive/texmf-dist/tex/generic/bitset/bitset.sty
Package: bitset 2019/12/09 v1.3 Handle bit-vector datatype (HO)
 (/usr/share/texlive/texmf-dist/tex/generic/bigintcalc/bigintcalc.sty
Package: bigintcalc 2019/12/15 v1.5 Expandable calculations on big integers (HO)
))
\Fld@menulength=\count269
\Field@Width=\dimen158
\Fld@charsize=\dimen159
Package hyperref Info: Hyper figures OFF on input line 6076.
Package hyperref Info: Link nesting OFF on input line 6081.
Package hyperref Info: Hyper index ON on input line 6084.
Package hyperref Info: backreferencing OFF on input line 6091.
Package hyperref Info: Link coloring OFF on input line 6096.
Package hyperref Info: Link coloring with OCG OFF on input line 6101.
Package hyperref Info: PDF/A mode OFF on input line 6106.
LaTeX Info: Redefining \ref on input line 6146.
LaTeX Info: Redefining \pageref on input line 6150.
 (/usr/share/texlive/texmf-dist/tex/latex/base/atbegshi-ltx.sty
Package: atbegshi-ltx 2021/01/10 v1.0c Emulation of the original atbegshi
package with kernel methods
)
\Hy@abspage=\count270
\c@Item=\count271
\c@Hfootnote=\count272
)
Package hyperref Info: Driver (autodetected): hpdftex.
 (/usr/share/texlive/texmf-dist/tex/latex/hyperref/hpdftex.def
File: hpdftex.def 2021-06-07 v7.00m Hyperref driver for pdfTeX
 (/usr/share/texlive/texmf-dist/tex/latex/base/atveryend-ltx.sty
Package: atveryend-ltx 2020/08/19 v1.0a Emulation of the original atveryend package
with kernel methods
)
\Fld@listcount=\count273
\c@bookmark@seq@number=\count274
 (/usr/share/texlive/texmf-dist/tex/latex/rerunfilecheck/rerunfilecheck.sty
Package: rerunfilecheck 2019/12/05 v1.9 Rerun checks for auxiliary files (HO)
 (/usr/share/texlive/texmf-dist/tex/generic/uniquecounter/uniquecounter.sty
Package: uniquecounter 2019/12/15 v1.4 Provide unlimited unique counter (HO)
)
Package uniquecounter Info: New unique counter `rerunfilecheck' on input line 286.
)
\Hy@SectionHShift=\skip61
)
Package hyperref Info: Option `colorlinks' set `true' on input line 21.
 (/usr/share/texlive/texmf-dist/tex/generic/xstring/xstring.sty (/usr/share/texlive/texmf-dist/tex/generic/xstring/xstring.tex
\integerpart=\count275
\decimalpart=\count276
)
Package: xstring 2021/07/21 v1.84 String manipulations (CT)
) (/usr/share/texlive/texmf-dist/tex/latex/tools/longtable.sty
Package: longtable 2021-09-01 v4.17 Multi-page Table package (DPC)
\LTleft=\skip62
\LTright=\skip63
\LTpre=\skip64
\LTpost=\skip65
\LTchunksize=\count277
\LTcapwidth=\dimen160
\LT@head=\box52
\LT@firsthead=\box53
\LT@foot=\box54
\LT@lastfoot=\box55
\LT@gbox=\box56
\LT@cols=\count278
\LT@rows=\count279
\c@LT@tables=\count280
\c@LT@chunks=\count281
\LT@p@ftn=\toks21
) (/usr/share/texlive/texmf-dist/tex/latex/adjustbox/adjustbox.sty
Package: adjustbox 2020/08/19 v1.3 Adjusting TeX boxes (trim, clip, ...)
 (/usr/share/texlive/texmf-dist/tex/latex/xkeyval/xkeyval.sty
Package: xkeyval 2020/11/20 v2.8 package option processing (HA)
 (/usr/share/texlive/texmf-dist/tex/generic/xkeyval/xkeyval.tex (/usr/share/texlive/texmf-dist/tex/generic/xkeyval/xkvutils.tex
\XKV@toks=\toks22
\XKV@tempa@toks=\toks23
)
\XKV@depth=\count282
File: xkeyval.tex 2014/12/03 v2.7a key=value parser (HA)
)) (/usr/share/texlive/texmf-dist/tex/latex/adjustbox/adjcalc.sty
Package: adjcalc 2012/05/16 v1.1 Provides advanced setlength with multiple back-ends (calc, etex, pgfmath)
) (/usr/share/texlive/texmf-dist/tex/latex/adjustbox/trimclip.sty
Package: trimclip 2020/08/19 v1.2 Trim and clip general TeX material
 (/usr/share/texlive/texmf-dist/tex/latex/collectbox/collectbox.sty
Package: collectbox 2012/05/17 v0.4b Collect macro arguments as boxes
\collectedbox=\box57
)
\tc@llx=\dimen161
\tc@lly=\dimen162
\tc@urx=\dimen163
\tc@ury=\dimen164
Package trimclip Info: Using driver 'tc-pdftex.def'.
 (/usr/share/texlive/texmf-dist/tex/latex/adjustbox/tc-pdftex.def
File: tc-pdftex.def 2019/01/04 v2.2 Clipping driver for pdftex
))
\adjbox@Width=\dimen165
\adjbox@Height=\dimen166
\adjbox@Depth=\dimen167
\adjbox@Totalheight=\dimen168
\adjbox@pwidth=\dimen169
\adjbox@pheight=\dimen170
\adjbox@pdepth=\dimen171
\adjbox@ptotalheight=\dimen172
 (/usr/share/texlive/texmf-dist/tex/latex/ifoddpage/ifoddpage.sty
Package: ifoddpage 2016/04/23 v1.1 Conditionals for odd/even page detection
\c@checkoddpage=\count283
) (/usr/share/texlive/texmf-dist/tex/latex/varwidth/varwidth.sty
Package: varwidth 2009/03/30 ver 0.92;  Variable-width minipages
\@vwid@box=\box58
\sift@deathcycles=\count284
\@vwid@loff=\dimen173
\@vwid@roff=\dimen174
)) (/usr/share/texlive/texmf-dist/tex/latex/multirow/multirow.sty
Package: multirow 2021/03/15 v2.8 Span multiple rows of a table
\multirow@colwidth=\skip66
\multirow@cntb=\count285
\multirow@dima=\skip67
\bigstrutjot=\dimen175
) (/usr/share/texlive/texmf-dist/tex/latex/changepage/changepage.sty
Package: changepage 2009/10/20 v1.0c check page and change page layout
\c@cp@cntr=\count286
\cp@tempcnt=\count287
LaTeX Info: Redefining \checkoddpage on input line 59.
) (/usr/share/texlive/texmf-dist/tex/latex/enumitem/enumitem.sty
Package: enumitem 2019/06/20 v3.9 Customized lists
\labelindent=\skip68
\enit@outerparindent=\dimen176
\enit@toks=\toks24
\enit@inbox=\box59
\enit@count@id=\count288
\enitdp@description=\count289
) (/usr/share/texlive/texmf-dist/tex/latex/etoolbox/etoolbox.sty
Package: etoolbox 2020/10/05 v2.5k e-TeX tools for LaTeX (JAW)
\etb@tempcnta=\count290
)
\c@magicrownumbers=\count291
\c@rowcount=\count292
 (/usr/share/texlive/texmf-dist/tex/latex/float/float.sty
Package: float 2001/11/08 v1.3d Float enhancements (AL)
\c@float@type=\count293
\float@exts=\toks25
\float@box=\box60
\@float@everytoks=\toks26
\@floatcapt=\box61
)
(/usr/share/texlive/texmf-dist/tex/latex/datetime2/datetime2.sty
Package: datetime2 2021/03/21 v1.5.7 (NLCT) date and time formats
 (/usr/share/texlive/texmf-dist/tex/latex/tracklang/tracklang.sty
Package: tracklang 2020/06/30 v1.5 (NLCT) Track Languages
 (/usr/share/texlive/texmf-dist/tex/generic/tracklang/tracklang.tex)) (/usr/share/texlive/texmf-dist/tex/latex/datetime2-english/datetime2-english.ldf
File: datetime2-english.ldf 2019/10/21 v1.05 (NLCT)
 (/usr/share/texlive/texmf-dist/tex/latex/datetime2-english/datetime2-english-base.ldf
File: datetime2-english-base.ldf 2019/10/21 v1.05 (NLCT)
))) (./citationvalues.tex) (./UBC_CV.bbl)
runsystem(bash ./boldauthors.sh)...disabled (restricted).

 (/usr/share/texlive/texmf-dist/tex/latex/l3backend/l3backend-pdftex.def
File: l3backend-pdftex.def 2022-01-12 L3 backend support: PDF output (pdfTeX)
\l__color_backend_stack_int=\count294
\l__pdf_internal_box=\box62
) (./UBC_CV.aux)
\openout1 = `UBC_CV.aux'.

LaTeX Font Info:    Checking defaults for OML/cmm/m/it on input line 71.
LaTeX Font Info:    ... okay on input line 71.
LaTeX Font Info:    Checking defaults for OMS/cmsy/m/n on input line 71.
LaTeX Font Info:    ... okay on input line 71.
LaTeX Font Info:    Checking defaults for OT1/cmr/m/n on input line 71.
LaTeX Font Info:    ... okay on input line 71.
LaTeX Font Info:    Checking defaults for T1/cmr/m/n on input line 71.
LaTeX Font Info:    ... okay on input line 71.
LaTeX Font Info:    Checking defaults for TS1/cmr/m/n on input line 71.
LaTeX Font Info:    ... okay on input line 71.
LaTeX Font Info:    Checking defaults for OMX/cmex/m/n on input line 71.
LaTeX Font Info:    ... okay on input line 71.
LaTeX Font Info:    Checking defaults for U/cmr/m/n on input line 71.
LaTeX Font Info:    ... okay on input line 71.
LaTeX Font Info:    Checking defaults for PD1/pdf/m/n on input line 71.
LaTeX Font Info:    ... okay on input line 71.
LaTeX Font Info:    Checking defaults for PU/pdf/m/n on input line 71.
LaTeX Font Info:    ... okay on input line 71.
 (/usr/share/texlive/texmf-dist/tex/context/base/mkii/supp-pdf.mkii
[Loading MPS to PDF converter (version 2006.09.02).]
\scratchcounter=\count295
\scratchdimen=\dimen177
\scratchbox=\box63
\nofMPsegments=\count296
\nofMParguments=\count297
\everyMPshowfont=\toks27
\MPscratchCnt=\count298
\MPscratchDim=\dimen178
\MPnumerator=\count299
\makeMPintoPDFobject=\count300
\everyMPtoPDFconversion=\toks28
) (/usr/share/texlive/texmf-dist/tex/latex/epstopdf-pkg/epstopdf-base.sty
Package: epstopdf-base 2020-01-24 v2.11 Base part for package epstopdf
Package epstopdf-base Info: Redefining graphics rule for `.eps' on input line 485.
 (/usr/share/texlive/texmf-dist/tex/latex/latexconfig/epstopdf-sys.cfg
File: epstopdf-sys.cfg 2010/07/13 v1.3 Configuration of (r)epstopdf for TeX Live
))
*geometry* driver: auto-detecting
*geometry* detected driver: pdftex
*geometry* verbose mode - [ preamble ] result:
* driver: pdftex
* paper: <default>
* layout: <same size as paper>
* layoutoffset:(h,v)=(0.0pt,0.0pt)
* modes: 
* h-part:(L,W,R)=(57.81621pt, 498.66258pt, 57.81621pt)
* v-part:(T,H,B)=(57.81621pt, 679.33757pt, 57.81621pt)
* \paperwidth=614.295pt
* \paperheight=794.96999pt
* \textwidth=498.66258pt
* \textheight=679.33757pt
* \oddsidemargin=-14.45378pt
* \evensidemargin=-14.45378pt
* \topmargin=-51.45378pt
* \headheight=12.0pt
* \headsep=25.0pt
* \topskip=11.0pt
* \footskip=30.0pt
* \marginparwidth=59.0pt
* \marginparsep=10.0pt
* \columnsep=10.0pt
* \skip\footins=10.0pt plus 4.0pt minus 2.0pt
* \hoffset=0.0pt
* \voffset=0.0pt
* \mag=1000
* \@twocolumnfalse
* \@twosidefalse
* \@mparswitchfalse
* \@reversemarginfalse
* (1in=72.27pt=25.4mm, 1cm=28.453pt)

Package hyperref Info: Link coloring ON on input line 71.
(/usr/share/texlive/texmf-dist/tex/latex/hyperref/nameref.sty
Package: nameref 2021-04-02 v2.47 Cross-referencing by name of section
 (/usr/share/texlive/texmf-dist/tex/latex/refcount/refcount.sty
Package: refcount 2019/12/15 v3.6 Data extraction from label references (HO)
) (/usr/share/texlive/texmf-dist/tex/generic/gettitlestring/gettitlestring.sty
Package: gettitlestring 2019/12/15 v1.6 Cleanup title references (HO)
)
\c@section@level=\count301
)
LaTeX Info: Redefining \ref on input line 71.
LaTeX Info: Redefining \pageref on input line 71.
LaTeX Info: Redefining \nameref on input line 71.
 (./UBC_CV.out) (./UBC_CV.out)
\@outlinefile=\write3
\openout3 = `UBC_CV.out'.

LaTeX Font Info:    External font `cmex10' loaded for size
(Font)              <10.95> on input line 73.
LaTeX Font Info:    External font `cmex10' loaded for size
(Font)              <8> on input line 73.
LaTeX Font Info:    External font `cmex10' loaded for size
(Font)              <6> on input line 73.
</home/weberam2/Dropbox/signature.png, id=4, 226.6869pt x 58.0569pt>
File: /home/weberam2/Dropbox/signature.png Graphic file (type png)
<use /home/weberam2/Dropbox/signature.png>
Package pdftex.def Info: /home/weberam2/Dropbox/signature.png  used on input line 93.
(pdftex.def)             Requested size: 100.0pt x 25.61154pt.

Underfull \hbox (badness 10000) in paragraph at lines 134--134
[]|\OT1/cmr/m/n/10.95 University
 []


Underfull \hbox (badness 10000) in paragraph at lines 134--134
[]|\OT1/cmr/m/n/10.95 Honours
 []


Underfull \hbox (badness 10000) in paragraph at lines 134--134
[]|\OT1/cmr/m/n/10.95 2003-
 []


Underfull \hbox (badness 10000) in paragraph at lines 134--134
[]|\OT1/cmr/m/n/10.95 University
 []


Underfull \hbox (badness 10000) in paragraph at lines 134--134
[]|\OT1/cmr/m/n/10.95 2007-
 []


Underfull \hbox (badness 10000) in paragraph at lines 134--134
[]|\OT1/cmr/m/n/10.95 McMaster
 []


Underfull \hbox (badness 10000) in paragraph at lines 134--134
[]|\OT1/cmr/m/n/10.95 2009-
 []


Overfull \hbox (1.68904pt too wide) in paragraph at lines 170--170
[]|\OT1/cmr/bx/n/10.95 (a)|  
 []


Overfull \hbox (13.15247pt too wide) in paragraph at lines 176--195
[][] 
 []

[1{/var/lib/texmf/fonts/map/pdftex/updmap/pdftex.map}

 </home/weberam2/Dropbox/signature.png>]
Overfull \hbox (2.56352pt too wide) in paragraph at lines 200--200
[]|\OT1/cmr/bx/n/10.95 (b)|  
 []


Overfull \hbox (13.4262pt too wide) in paragraph at lines 204--225
[][] 
 []


Underfull \hbox (badness 10000) in paragraph at lines 227--229

 []


Underfull \hbox (badness 10000) in paragraph at lines 230--232

 []

[2]
Overfull \hbox (1.16437pt too wide) in paragraph at lines 237--237
[]|\OT1/cmr/bx/n/10.95 (c)|  
 []


Overfull \hbox (7.64917pt too wide) in paragraph at lines 239--240
[]|\OT1/cmr/m/it/10.95 N/A|  
 []


Overfull \hbox (1.68904pt too wide) in paragraph at lines 262--262
[]|\OT1/cmr/bx/n/10.95 (a)|  
 []


Underfull \hbox (badness 10000) in paragraph at lines 267--269

 []


Overfull \hbox (2.56352pt too wide) in paragraph at lines 276--276
[]|\OT1/cmr/bx/n/10.95 (b)|  
 []

[3] [4]
Overfull \hbox (1.16437pt too wide) in paragraph at lines 340--340
[]|\OT1/cmr/bx/n/10.95 (c)|  
 []


Overfull \hbox (2.56352pt too wide) in paragraph at lines 350--350
[]|\OT1/cmr/bx/n/10.95 (d)|  
 []


Underfull \hbox (badness 10000) in paragraph at lines 371--373

 []


Underfull \hbox (badness 10000) in paragraph at lines 374--378

 []

LaTeX Font Info:    External font `cmex10' loaded for size
(Font)              <7> on input line 383.
LaTeX Font Info:    External font `cmex10' loaded for size
(Font)              <5> on input line 383.

Overfull \hbox (4.0924pt too wide) in paragraph at lines 383--397
 [] 
 []

[5]
Underfull \hbox (badness 10000) in paragraph at lines 400--402

 []


Overfull \hbox (9.70392pt too wide) in alignment at lines 410--422
 [] [] [] [] [] [] [] 
 []

[6]
Underfull \hbox (badness 10000) in paragraph at lines 427--429

 []

[7]
Underfull \hbox (badness 10000) in paragraph at lines 454--456

 []


Overfull \hbox (1.87242pt too wide) in paragraph at lines 471--471
[]|\OT1/cmr/m/n/10 Experimental 
 []


Overfull \hbox (5.45576pt too wide) in paragraph at lines 474--474
[]|\OT1/cmr/m/n/10 Rehabilitation 
 []


Overfull \hbox (9.70392pt too wide) in paragraph at lines 466--476
 [] 
 []


Underfull \hbox (badness 10000) in paragraph at lines 480--482

 []


Overfull \hbox (1.33926pt too wide) in paragraph at lines 500--500
[]|\OT1/cmr/bx/n/10.95 (e)|  
 []


Overfull \hbox (9.58148pt too wide) in paragraph at lines 505--512
[][] 
 []


Overfull \hbox (1.86394pt too wide) in paragraph at lines 542--542
[]|\OT1/cmr/bx/n/10.95 10.|  
 []


Overfull \hbox (1.86394pt too wide) in paragraph at lines 545--545
[]|\OT1/cmr/bx/n/10.95 11.|  
 []


Overfull \hbox (1.86394pt too wide) in paragraph at lines 548--548
[]|\OT1/cmr/bx/n/10.95 12.|  
 []


Overfull \hbox (1.86394pt too wide) in paragraph at lines 551--551
[]|\OT1/cmr/bx/n/10.95 13.|  
 []


Overfull \hbox (1.86394pt too wide) in paragraph at lines 554--554
[]|\OT1/cmr/bx/n/10.95 14.|  
 []


Overfull \hbox (1.86394pt too wide) in paragraph at lines 557--557
[]|\OT1/cmr/bx/n/10.95 15.|  
 []


Overfull \hbox (1.86394pt too wide) in paragraph at lines 559--559
[]|\OT1/cmr/bx/n/10.95 16.|  
 []


Overfull \hbox (1.86394pt too wide) in paragraph at lines 562--562
[]|\OT1/cmr/bx/n/10.95 17.|  
 []


Overfull \hbox (1.86394pt too wide) in paragraph at lines 565--565
[]|\OT1/cmr/bx/n/10.95 18.|  
 []


Overfull \hbox (1.86394pt too wide) in paragraph at lines 568--568
[]|\OT1/cmr/bx/n/10.95 19.|  
 []


Underfull \hbox (badness 10000) in alignment at lines 513--571
[] []
 []

[8] [9] [10]
Overfull \hbox (0.60925pt too wide) in paragraph at lines 577--577
[]|\OT1/cmr/bx/n/10.95 (f)|  
 []


Underfull \hbox (badness 10000) in alignment at lines 582--591
[] []
 []


Overfull \hbox (1.86394pt too wide) in paragraph at lines 597--597
[]|\OT1/cmr/bx/n/10.95 (g)|  
 []


Underfull \hbox (badness 10000) in alignment at lines 602--610
[] []
 []

[11]
Overfull \hbox (1.86394pt too wide) in paragraph at lines 617--617
[]|\OT1/cmr/bx/n/10.95 (g)|  
 []


Underfull \hbox (badness 10000) in alignment at lines 622--629
[] []
 []


Underfull \hbox (badness 10000) in alignment at lines 638--651
[] []
 []

[12]
Overfull \hbox (1.68904pt too wide) in paragraph at lines 656--656
[]|\OT1/cmr/bx/n/10.95 (a)|  
 []


Underfull \hbox (badness 10000) in paragraph at lines 670--672

 []


Underfull \hbox (badness 10000) in alignment at lines 682--688
[] []
 []

[13]
Underfull \hbox (badness 10000) in alignment at lines 693--697
[] []
 []


Underfull \hbox (badness 10000) in alignment at lines 703--709
[] []
 []


Overfull \hbox (2.56352pt too wide) in paragraph at lines 713--713
[]|\OT1/cmr/bx/n/10.95 (b)|  
 []


Overfull \hbox (0.42694pt too wide) in paragraph at lines 711--716
[][] 
 []


Overfull \hbox (4.00456pt too wide) in paragraph at lines 721--721
[]|\OT1/cmr/bx/it/10.95 Grant 
 []


Overfull \hbox (2.06482pt too wide) in paragraph at lines 721--721
[]|\OT1/cmr/bx/it/10.95 Duration|  
 []


Underfull \hbox (badness 10000) in alignment at lines 719--747
 [] [] [] [] [] [] [] 
 []

[14] [15]
Overfull \hbox (4.00456pt too wide) in paragraph at lines 760--760
[]|\OT1/cmr/bx/it/10.95 Grant 
 []


Overfull \hbox (2.06482pt too wide) in paragraph at lines 760--760
[]|\OT1/cmr/bx/it/10.95 Duration|  
 []


Underfull \hbox (badness 10000) in alignment at lines 758--770
[] [] [] [] [] [] []
 []

[16]
Overfull \hbox (1.16437pt too wide) in paragraph at lines 774--774
[]|\OT1/cmr/bx/n/10.95 (c)|  
 []


Overfull \hbox (2.56352pt too wide) in paragraph at lines 776--776
[]|\OT1/cmr/bx/n/10.95 (d)|  
 []


Overfull \hbox (0.42694pt too wide) in paragraph at lines 772--779
[][] 
 []


Overfull \hbox (22.1597pt too wide) in paragraph at lines 783--783
[]|\OT1/cmr/bx/n/10.95 Institution/Organization|  
 []


Underfull \hbox (badness 10000) in alignment at lines 781--819
[] [] [] []
 []

[17]
Overfull \hbox (1.33926pt too wide) in paragraph at lines 823--823
[]|\OT1/cmr/bx/n/10.95 (e)|  
 []


Overfull \hbox (0.60925pt too wide) in paragraph at lines 835--835
[]|\OT1/cmr/bx/n/10.95 (f)|  
 []


Overfull \hbox (1.86394pt too wide) in paragraph at lines 837--837
[]|\OT1/cmr/bx/n/10.95 (g)|  
 []


Overfull \hbox (22.1597pt too wide) in paragraph at lines 845--845
[]|\OT1/cmr/bx/n/10.95 Institution/Organization|  
 []


Underfull \hbox (badness 10000) in alignment at lines 843--871
[] [] [] []
 []

[18]
Overfull \hbox (2.56352pt too wide) in paragraph at lines 876--876
[]|\OT1/cmr/bx/n/10.95 (h)|  
 []


Overfull \hbox (1.86394pt too wide) in paragraph at lines 885--885
[]|\OT1/cmr/bx/n/10.95 10.|  
 []


Overfull \hbox (1.68904pt too wide) in paragraph at lines 887--887
[]|\OT1/cmr/bx/n/10.95 (a)|  
 []


Overfull \hbox (2.56352pt too wide) in paragraph at lines 909--909
[]|\OT1/cmr/bx/n/10.95 (b)|  
 []


Overfull \hbox (1.90959pt too wide) in alignment at lines 914--936
[] [] [] [] []
 []

[19]
Overfull \hbox (1.16437pt too wide) in paragraph at lines 939--939
[]|\OT1/cmr/bx/n/10.95 (c)|  
 []


Overfull \hbox (2.56352pt too wide) in paragraph at lines 941--941
[]|\OT1/cmr/bx/n/10.95 (d)|  
 []


Underfull \hbox (badness 10000) in alignment at lines 948--965
[] []
 []

[20]
Overfull \hbox (1.86394pt too wide) in paragraph at lines 969--969
[]|\OT1/cmr/bx/n/10.95 11.|  
 []


Overfull \hbox (1.68904pt too wide) in paragraph at lines 971--971
[]|\OT1/cmr/bx/n/10.95 (a)|  
 []


Overfull \hbox (2.56352pt too wide) in paragraph at lines 973--973
[]|\OT1/cmr/bx/n/10.95 (b)|  
 []


Overfull \hbox (94.3207pt too wide) in paragraph at lines 968--977
[][]
 []


Underfull \hbox (badness 10000) in alignment at lines 979--984
[] []
 []


Overfull \hbox (1.16437pt too wide) in paragraph at lines 989--989
[]|\OT1/cmr/bx/n/10.95 (c)|  
 []


Overfull \hbox (94.3207pt too wide) in paragraph at lines 987--992
[][] 
 []


Underfull \hbox (badness 10000) in alignment at lines 995--1004
[] []
 []


Overfull \hbox (1.86394pt too wide) in paragraph at lines 1008--1008
[]|\OT1/cmr/bx/n/10.95 12.|  
 []


Overfull \hbox (1.68904pt too wide) in paragraph at lines 1010--1010
[]|\OT1/cmr/bx/n/10.95 (a)|  
 []


Overfull \hbox (94.3207pt too wide) in paragraph at lines 1007--1014
[][]
 []

[21]
Overfull \hbox (2.56352pt too wide) in paragraph at lines 1027--1027
[]|\OT1/cmr/bx/n/10.95 (b)|  
 []


Overfull \hbox (94.3207pt too wide) in paragraph at lines 1025--1030
[][] 
 []


Underfull \hbox (badness 10000) in alignment at lines 1032--1036
[] []
 []


Overfull \hbox (1.16437pt too wide) in paragraph at lines 1040--1040
[]|\OT1/cmr/bx/n/10.95 (c)|  
 []


Overfull \hbox (94.3207pt too wide) in paragraph at lines 1038--1043
[][] 
 []


Underfull \hbox (badness 10000) in alignment at lines 1045--1047
[] []
 []


Overfull \hbox (2.56352pt too wide) in paragraph at lines 1051--1051
[]|\OT1/cmr/bx/n/10.95 (d)|  
 []


Overfull \hbox (1.33926pt too wide) in paragraph at lines 1053--1053
[]|\OT1/cmr/bx/n/10.95 (e)|  
 []


Overfull \hbox (94.3207pt too wide) in paragraph at lines 1049--1056
[][] 
 []


Underfull \hbox (badness 10000) in alignment at lines 1058--1061
[] []
 []


Overfull \hbox (0.60925pt too wide) in paragraph at lines 1065--1065
[]|\OT1/cmr/bx/n/10.95 (f)|  
 []


Overfull \hbox (1.86394pt too wide) in paragraph at lines 1067--1067
[]|\OT1/cmr/bx/n/10.95 (g)|  
 []


Overfull \hbox (94.3207pt too wide) in paragraph at lines 1063--1070
[][] 
 []


Overfull \hbox (1.86394pt too wide) in paragraph at lines 1083--1083
[]|\OT1/cmr/bx/n/10.95 11.|  
 []


Overfull \hbox (1.40771pt too wide) in paragraph at lines 1087--1087
[]|\OT1/cmr/bx/n/10.95 15\OT1/cmr/m/n/10.95 .|  
 []


Overfull \hbox (1.86394pt too wide) in paragraph at lines 1088--1088
[]|\OT1/cmr/bx/n/10.95 16.|  
 []


Underfull \hbox (badness 10000) in alignment at lines 1072--1089
[] []
 []

[22]
Overfull \hbox (2.56352pt too wide) in paragraph at lines 1093--1093
[]|\OT1/cmr/bx/n/10.95 (h)|  
 []


Overfull \hbox (94.3207pt too wide) in paragraph at lines 1091--1096
[][] 
 []


Underfull \hbox (badness 10000) in alignment at lines 1098--1107
[] []
 []


Overfull \hbox (94.3207pt too wide) in paragraph at lines 1109--1116
[][] 
 []


Underfull \hbox (badness 10000) in alignment at lines 1118--1127
[] []
 []

[23]
Underfull \hbox (badness 10000) in alignment at lines 1132--1140
[] []
 []


Overfull \hbox (1.86394pt too wide) in paragraph at lines 1143--1143
[]|\OT1/cmr/bx/n/10.95 13.|  
 []


Overfull \hbox (5.18694pt too wide) in paragraph at lines 1145--1145
[]|\OT1/cmr/bx/n/10.95 (a).|  
 []


Overfull \hbox (2.16995pt too wide) in paragraph at lines 1151--1151
[]|\OT1/cmr/bx/n/10.95 Amount|  
 []


Overfull \hbox (1.90959pt too wide) in alignment at lines 1149--1155
[] [] [] [] []
 []


Overfull \hbox (6.06142pt too wide) in paragraph at lines 1159--1159
[]|\OT1/cmr/bx/n/10.95 (b).|  
 []


Overfull \hbox (94.3207pt too wide) in paragraph at lines 1157--1162
[][] 
 []


Overfull \hbox (2.16995pt too wide) in paragraph at lines 1165--1165
[]|\OT1/cmr/bx/n/10.95 Amount|  
 []


Overfull \hbox (1.9096pt too wide) in alignment at lines 1163--1183
[] [] [] [] []
 []

[24]
Overfull \hbox (4.66226pt too wide) in paragraph at lines 1187--1187
[]|\OT1/cmr/bx/n/10.95 (c).|  
 []


Overfull \hbox (6.06142pt too wide) in paragraph at lines 1189--1189
[]|\OT1/cmr/bx/n/10.95 (d).|  
 []


Overfull \hbox (1.86394pt too wide) in paragraph at lines 1191--1191
[]|\OT1/cmr/bx/n/10.95 14.|  
 []


Overfull \hbox (94.3207pt too wide) in paragraph at lines 1185--1194
[][] 
 []

[25]
File: /home/weberam2/Dropbox/signature.png Graphic file (type png)
<use /home/weberam2/Dropbox/signature.png>
Package pdftex.def Info: /home/weberam2/Dropbox/signature.png  used on input line 1217.
(pdftex.def)             Requested size: 100.0pt x 25.61154pt.

Underfull \hbox (badness 10000) in paragraph at lines 1239--1242

 []


Underfull \hbox (badness 10000) in paragraph at lines 1243--1244

 []


Overfull \hbox (2.76285pt too wide) in paragraph at lines 1245--1245
[]|\OT1/cmr/m/n/10.95 FA|  
 []


Overfull \hbox (4.73993pt too wide) in paragraph at lines 1246--1246
[]|\OT1/cmr/m/n/10.95 CA|  
 []


Overfull \hbox (2.91493pt too wide) in paragraph at lines 1247--1247
[]|\OT1/cmr/m/n/10.95 SA|  
 []


Underfull \hbox (badness 10000) in alignment at lines 1244--1248
[] [] []
 []


Overfull \hbox (94.3207pt too wide) in paragraph at lines 1260--1265
[][] 
 []


Overfull \hbox (4.75507pt too wide) in alignment at lines 1296--1338
[] [] [] [] []
 []

[26]
Overfull \hbox (1.68904pt too wide) in paragraph at lines 1343--1343
[]|\OT1/cmr/bx/n/10.95 (a)|  
 []


Overfull \hbox (94.3207pt too wide) in paragraph at lines 1340--1346
[][] 
 []


Underfull \hbox (badness 10000) in alignment at lines 1347--1408
[] []
 []

[27] [28] [29]
Overfull \hbox (2.56352pt too wide) in paragraph at lines 1413--1413
[]|\OT1/cmr/bx/n/10.95 (b)|  
 []


Overfull \hbox (94.3207pt too wide) in paragraph at lines 1410--1416
[][] 
 []


Underfull \hbox (badness 10000) in alignment at lines 1420--1429
[] []
 []


Underfull \hbox (badness 10000) in alignment at lines 1434--1471
[] []
 []

[30] [31pdfTeX warning (ext4): destination with the same identifier (name{cite.weber-jarrett-dadachanji-2017a}) has been already used, duplicate ignored
<argument> ...shipout:D \box_use:N \l_shipout_box 
                                                  \__shipout_drop_firstpage_...
l.1471 \end{longtable}
                      pdfTeX warning (ext4): destination with the same identifier (name{cite.weber-jarrett-hernandez-torres-2017}) has been already used, duplicate ignored
<argument> ...shipout:D \box_use:N \l_shipout_box 
                                                  \__shipout_drop_firstpage_...
l.1471 \end{longtable}
                      ] [32]
Underfull \hbox (badness 10000) in alignment at lines 1474--1476
[] []
 []


Overfull \hbox (1.16437pt too wide) in paragraph at lines 1480--1480
[]|\OT1/cmr/bx/n/10.95 (c)|  
 []


Overfull \hbox (94.3207pt too wide) in paragraph at lines 1478--1483
[][] 
 []


Overfull \hbox (1.68904pt too wide) in paragraph at lines 1489--1489
[]|\OT1/cmr/bx/n/10.95 (a)|  
 []


Overfull \hbox (94.3207pt too wide) in paragraph at lines 1484--1492
[][] 
 []


Underfull \hbox (badness 10000) in alignment at lines 1494--1498
[] []
 []

[33]
Overfull \hbox (2.56352pt too wide) in paragraph at lines 1502--1502
[]|\OT1/cmr/bx/n/10.95 (b)|  
 []


Overfull \hbox (1.16437pt too wide) in paragraph at lines 1504--1504
[]|\OT1/cmr/bx/n/10.95 (c)|  
 []


Overfull \hbox (94.3207pt too wide) in paragraph at lines 1500--1507
[][] 
 []


Overfull \hbox (1.68904pt too wide) in paragraph at lines 1513--1513
[]|\OT1/cmr/bx/n/10.95 (a)|  
 []


Overfull \hbox (2.56352pt too wide) in paragraph at lines 1515--1515
[]|\OT1/cmr/bx/n/10.95 (b)|  
 []


Overfull \hbox (1.16437pt too wide) in paragraph at lines 1517--1517
[]|\OT1/cmr/bx/n/10.95 (c)|  
 []


Overfull \hbox (94.3207pt too wide) in paragraph at lines 1508--1520
[][] 
 []


Underfull \hbox (badness 10000) in alignment at lines 1522--1524
[] []
 []


Overfull \hbox (94.3207pt too wide) in paragraph at lines 1526--1531
[][] 
 []


Overfull \hbox (94.3207pt too wide) in paragraph at lines 1532--1537
[][] 
 []


Overfull \hbox (94.3207pt too wide) in paragraph at lines 1538--1543
[][] 
 []


Overfull \hbox (1.68904pt too wide) in paragraph at lines 1549--1549
[]|\OT1/cmr/bx/n/10.95 (a)|  
 []


Underfull \hbox (badness 10000) in alignment at lines 1566--1592
[] []
 []

[34]
Overfull \hbox (94.3207pt too wide) in paragraph at lines 1595--1601
[][] 
 []


Underfull \hbox (badness 10000) in alignment at lines 1603--1605
[] []
 []


Overfull \hbox (94.3207pt too wide) in paragraph at lines 1607--1613
[][] 
 []


Underfull \hbox (badness 10000) in alignment at lines 1615--1621
[] []
 []

[35]
Overfull \hbox (1.86394pt too wide) in paragraph at lines 1625--1625
[]|\OT1/cmr/bx/n/10.95 10.|  
 []


Overfull \hbox (94.3207pt too wide) in paragraph at lines 1623--1628
[][] 
 []


Underfull \hbox (badness 10000) in alignment at lines 1631--1654
[] []
 []

[36]
Underfull \hbox (badness 10000) in alignment at lines 1660--1665
[] []
 []

(./UBC_CV.bbl) [37] (./UBC_CV.aux)
Package rerunfilecheck Info: File `UBC_CV.out' has not changed.
(rerunfilecheck)             Checksum: D41D8CD98F00B204E9800998ECF8427E;0.
 ) 
Here is how much of TeX's memory you used:
 14763 strings out of 478287
 258025 string characters out of 5849290
 624167 words of memory out of 5000000
 32603 multiletter control sequences out of 15000+600000
 476121 words of font info for 50 fonts, out of 8000000 for 9000
 1141 hyphenation exceptions out of 8191
 60i,13n,63p,1170b,483s stack positions out of 5000i,500n,10000p,200000b,80000s
{/usr/share/texmf/fonts/enc/dvips/cm-super/cm-super-ts1.enc}</usr/share/texlive/texmf-dist/fonts/type1/public/amsfonts/cm/cmbx10.pfb></usr/share/texlive/texmf-dist/fonts/type1/public/amsfonts/cm/cmbx9.pfb></usr/share/texlive/texmf-dist/fonts/type1/public/amsfonts/cm/cmbxti10.pfb></usr/share/texlive/texmf-dist/fonts/type1/public/amsfonts/cm/cmcsc10.pfb></usr/share/texlive/texmf-dist/fonts/type1/public/amsfonts/cm/cmmi8.pfb></usr/share/texlive/texmf-dist/fonts/type1/public/amsfonts/cm/cmr10.pfb></usr/share/texlive/texmf-dist/fonts/type1/public/amsfonts/cm/cmr8.pfb></usr/share/texlive/texmf-dist/fonts/type1/public/amsfonts/cm/cmr9.pfb></usr/share/texlive/texmf-dist/fonts/type1/public/amsfonts/cm/cmsy8.pfb></usr/share/texlive/texmf-dist/fonts/type1/public/amsfonts/cm/cmti10.pfb></usr/share/texlive/texmf-dist/fonts/type1/public/amsfonts/cm/cmtt10.pfb></usr/share/texmf/fonts/type1/public/cm-super/sfbx1095.pfb></usr/share/texmf/fonts/type1/public/cm-super/sfrm1000.pfb></usr/share/texmf/fonts/type1/public/cm-super/sfrm1095.pfb>
Output written on UBC_CV.pdf (37 pages, 310063 bytes).
PDF statistics:
 446 PDF objects out of 1000 (max. 8388607)
 373 compressed objects within 4 object streams
 152 named destinations out of 1000 (max. 500000)
 6 words of extra memory for PDF output out of 10000 (max. 10000000)

